Base path: C:/Program Files/Unity/Editor/Data
Cmd: getPlatforms
Cmd: compileSnippet
  api=9 type=1 insize=970 outsize=0 kw=DIRECTIONAL SHADOWS_SCREEN SHADOWS_NATIVE LIGHTMAP_OFF DIRLIGHTMAP_OFF DYNAMICLIGHTMAP_OFF pd=UNITY_NO_DXT5nm UNITY_NO_RGBM UNITY_NO_SCREENSPACE_SHADOWS UNITY_NO_LINEAR_COLORSPACE UNITY_ENABLE_REFLECTION_BUFFERS UNITY_FRAMEBUFFER_FETCH_AVAILABLE UNITY_PBS_USE_BRDF2 SHADER_API_MOBILE ok=1
Cmd: compileSnippet
  api=9 type=0 insize=927 outsize=14352 kw=SPOT SHADOWS_DEPTH SHADOWS_NATIVE pd=UNITY_NO_DXT5nm UNITY_NO_RGBM UNITY_NO_SCREENSPACE_SHADOWS UNITY_NO_LINEAR_COLORSPACE UNITY_ENABLE_REFLECTION_BUFFERS UNITY_FRAMEBUFFER_FETCH_AVAILABLE UNITY_PBS_USE_BRDF2 SHADER_API_MOBILE ok=1
Cmd: compileSnippet
  api=9 type=0 insize=927 outsize=15055 kw=SPOT SHADOWS_DEPTH SHADOWS_SOFT SHADOWS_NATIVE pd=UNITY_NO_DXT5nm UNITY_NO_RGBM UNITY_NO_SCREENSPACE_SHADOWS UNITY_NO_LINEAR_COLORSPACE UNITY_ENABLE_REFLECTION_BUFFERS UNITY_FRAMEBUFFER_FETCH_AVAILABLE UNITY_PBS_USE_BRDF2 SHADER_API_MOBILE ok=1
Cmd: compileSnippet
  api=9 type=1 insize=927 outsize=0 kw=SPOT SHADOWS_DEPTH SHADOWS_NATIVE pd=UNITY_NO_DXT5nm UNITY_NO_RGBM UNITY_NO_SCREENSPACE_SHADOWS UNITY_NO_LINEAR_COLORSPACE UNITY_ENABLE_REFLECTION_BUFFERS UNITY_FRAMEBUFFER_FETCH_AVAILABLE UNITY_PBS_USE_BRDF2 SHADER_API_MOBILE ok=1
Cmd: compileSnippet
  api=9 type=1 insize=927 outsize=0 kw=POINT SHADOWS_CUBE SHADOWS_SOFT pd=UNITY_NO_DXT5nm UNITY_NO_RGBM UNITY_NO_SCREENSPACE_SHADOWS UNITY_NO_LINEAR_COLORSPACE UNITY_ENABLE_REFLECTION_BUFFERS UNITY_FRAMEBUFFER_FETCH_AVAILABLE UNITY_PBS_USE_BRDF2 SHADER_API_MOBILE ok=1
Cmd: compileSnippet
  api=9 type=1 insize=927 outsize=0 kw=DIRECTIONAL_COOKIE SHADOWS_SCREEN SHADOWS_NATIVE pd=UNITY_NO_DXT5nm UNITY_NO_RGBM UNITY_NO_SCREENSPACE_SHADOWS UNITY_NO_LINEAR_COLORSPACE UNITY_ENABLE_REFLECTION_BUFFERS UNITY_FRAMEBUFFER_FETCH_AVAILABLE UNITY_PBS_USE_BRDF2 SHADER_API_MOBILE ok=1
Cmd: compileSnippet
  api=9 type=0 insize=1152 outsize=11781 kw=LIGHTMAP_OFF DIRLIGHTMAP_COMBINED DYNAMICLIGHTMAP_OFF pd=UNITY_NO_DXT5nm UNITY_NO_RGBM UNITY_NO_SCREENSPACE_SHADOWS UNITY_NO_LINEAR_COLORSPACE UNITY_ENABLE_REFLECTION_BUFFERS UNITY_FRAMEBUFFER_FETCH_AVAILABLE UNITY_PBS_USE_BRDF2 SHADER_API_MOBILE ok=1
Cmd: compileSnippet
  api=9 type=1 insize=1152 outsize=0 kw=LIGHTMAP_OFF DIRLIGHTMAP_OFF DYNAMICLIGHTMAP_OFF UNITY_HDR_ON pd=UNITY_NO_DXT5nm UNITY_NO_RGBM UNITY_NO_SCREENSPACE_SHADOWS UNITY_NO_LINEAR_COLORSPACE UNITY_ENABLE_REFLECTION_BUFFERS UNITY_FRAMEBUFFER_FETCH_AVAILABLE UNITY_PBS_USE_BRDF2 SHADER_API_MOBILE ok=1
Cmd: compileSnippet
  api=5 type=0 insize=877 outsize=8787 kw=DIRECTIONAL SHADOWS_SCREEN LIGHTMAP_OFF DIRLIGHTMAP_OFF DYNAMICLIGHTMAP_OFF VERTEXLIGHT_ON pd=UNITY_NO_DXT5nm UNITY_NO_RGBM UNITY_NO_SCREENSPACE_SHADOWS UNITY_NO_LINEAR_COLORSPACE UNITY_ENABLE_REFLECTION_BUFFERS UNITY_FRAMEBUFFER_FETCH_AVAILABLE UNITY_NO_FULL_STANDARD_SHADER UNITY_PBS_USE_BRDF2 SHADER_API_MOBILE ok=1
Cmd: compileSnippet
  api=9 type=1 insize=877 outsize=0 kw=DIRECTIONAL SHADOWS_OFF LIGHTMAP_OFF DIRLIGHTMAP_OFF DYNAMICLIGHTMAP_OFF pd=UNITY_NO_DXT5nm UNITY_NO_RGBM UNITY_NO_SCREENSPACE_SHADOWS UNITY_NO_LINEAR_COLORSPACE UNITY_ENABLE_REFLECTION_BUFFERS UNITY_FRAMEBUFFER_FETCH_AVAILABLE UNITY_PBS_USE_BRDF2 SHADER_API_MOBILE ok=1
Cmd: compileSnippet
  api=5 type=0 insize=808 outsize=3872 kw=DIRECTIONAL SHADOWS_OFF pd=UNITY_NO_DXT5nm UNITY_NO_RGBM UNITY_NO_SCREENSPACE_SHADOWS UNITY_NO_LINEAR_COLORSPACE UNITY_ENABLE_REFLECTION_BUFFERS UNITY_FRAMEBUFFER_FETCH_AVAILABLE UNITY_NO_FULL_STANDARD_SHADER UNITY_PBS_USE_BRDF2 SHADER_API_MOBILE ok=1
Cmd: compileSnippet
  api=9 type=0 insize=808 outsize=12610 kw=POINT_COOKIE SHADOWS_OFF pd=UNITY_NO_DXT5nm UNITY_NO_RGBM UNITY_NO_SCREENSPACE_SHADOWS UNITY_NO_LINEAR_COLORSPACE UNITY_ENABLE_REFLECTION_BUFFERS UNITY_FRAMEBUFFER_FETCH_AVAILABLE UNITY_PBS_USE_BRDF2 SHADER_API_MOBILE ok=1
Cmd: compileSnippet
  api=5 type=0 insize=808 outsize=4770 kw=DIRECTIONAL_COOKIE SHADOWS_SCREEN pd=UNITY_NO_DXT5nm UNITY_NO_RGBM UNITY_NO_SCREENSPACE_SHADOWS UNITY_NO_LINEAR_COLORSPACE UNITY_ENABLE_REFLECTION_BUFFERS UNITY_FRAMEBUFFER_FETCH_AVAILABLE UNITY_NO_FULL_STANDARD_SHADER UNITY_PBS_USE_BRDF2 SHADER_API_MOBILE ok=1
Cmd: compileSnippet
  api=5 type=0 insize=808 outsize=4449 kw=DIRECTIONAL SHADOWS_SCREEN SHADOWS_NATIVE pd=UNITY_NO_DXT5nm UNITY_NO_RGBM UNITY_NO_SCREENSPACE_SHADOWS UNITY_NO_LINEAR_COLORSPACE UNITY_ENABLE_REFLECTION_BUFFERS UNITY_FRAMEBUFFER_FETCH_AVAILABLE UNITY_NO_FULL_STANDARD_SHADER UNITY_PBS_USE_BRDF2 SHADER_API_MOBILE ok=1
Cmd: compileSnippet
  api=5 type=1 insize=808 outsize=0 kw=SPOT SHADOWS_OFF pd=UNITY_NO_DXT5nm UNITY_NO_RGBM UNITY_NO_SCREENSPACE_SHADOWS UNITY_NO_LINEAR_COLORSPACE UNITY_ENABLE_REFLECTION_BUFFERS UNITY_FRAMEBUFFER_FETCH_AVAILABLE UNITY_NO_FULL_STANDARD_SHADER UNITY_PBS_USE_BRDF2 SHADER_API_MOBILE ok=1
Cmd: compileSnippet
  api=5 type=1 insize=808 outsize=0 kw=SPOT SHADOWS_DEPTH SHADOWS_NONATIVE pd=UNITY_NO_DXT5nm UNITY_NO_RGBM UNITY_NO_SCREENSPACE_SHADOWS UNITY_NO_LINEAR_COLORSPACE UNITY_ENABLE_REFLECTION_BUFFERS UNITY_FRAMEBUFFER_FETCH_AVAILABLE UNITY_NO_FULL_STANDARD_SHADER UNITY_PBS_USE_BRDF2 SHADER_API_MOBILE ok=1
Cmd: compileSnippet
  api=9 type=1 insize=808 outsize=0 kw=POINT SHADOWS_CUBE pd=UNITY_NO_DXT5nm UNITY_NO_RGBM UNITY_NO_SCREENSPACE_SHADOWS UNITY_NO_LINEAR_COLORSPACE UNITY_ENABLE_REFLECTION_BUFFERS UNITY_FRAMEBUFFER_FETCH_AVAILABLE UNITY_PBS_USE_BRDF2 SHADER_API_MOBILE ok=1
Cmd: compileSnippet
  api=9 type=1 insize=808 outsize=0 kw=DIRECTIONAL_COOKIE SHADOWS_SCREEN SHADOWS_NATIVE pd=UNITY_NO_DXT5nm UNITY_NO_RGBM UNITY_NO_SCREENSPACE_SHADOWS UNITY_NO_LINEAR_COLORSPACE UNITY_ENABLE_REFLECTION_BUFFERS UNITY_FRAMEBUFFER_FETCH_AVAILABLE UNITY_PBS_USE_BRDF2 SHADER_API_MOBILE ok=1
Cmd: compileSnippet
  api=9 type=1 insize=600 outsize=0 kw=SHADOWS_DEPTH pd=UNITY_NO_DXT5nm UNITY_NO_RGBM UNITY_NO_SCREENSPACE_SHADOWS UNITY_NO_LINEAR_COLORSPACE UNITY_ENABLE_REFLECTION_BUFFERS UNITY_FRAMEBUFFER_FETCH_AVAILABLE UNITY_PBS_USE_BRDF2 SHADER_API_MOBILE ok=1
Cmd: compileSnippet
  api=9 type=0 insize=4597 outsize=7369 kw=POINT pd=UNITY_NO_DXT5nm UNITY_NO_RGBM UNITY_NO_SCREENSPACE_SHADOWS UNITY_NO_LINEAR_COLORSPACE UNITY_ENABLE_REFLECTION_BUFFERS UNITY_FRAMEBUFFER_FETCH_AVAILABLE UNITY_PBS_USE_BRDF2 SHADER_API_MOBILE ok=1
Cmd: compileSnippet
  api=5 type=1 insize=4597 outsize=0 kw=SPOT pd=UNITY_NO_DXT5nm UNITY_NO_RGBM UNITY_NO_SCREENSPACE_SHADOWS UNITY_NO_LINEAR_COLORSPACE UNITY_ENABLE_REFLECTION_BUFFERS UNITY_FRAMEBUFFER_FETCH_AVAILABLE UNITY_NO_FULL_STANDARD_SHADER UNITY_PBS_USE_BRDF2 SHADER_API_MOBILE ok=1
Cmd: compileSnippet
  api=9 type=1 insize=2082 outsize=0 kw= pd=UNITY_NO_DXT5nm UNITY_NO_RGBM UNITY_NO_SCREENSPACE_SHADOWS UNITY_NO_LINEAR_COLORSPACE UNITY_ENABLE_REFLECTION_BUFFERS UNITY_FRAMEBUFFER_FETCH_AVAILABLE UNITY_PBS_USE_BRDF2 SHADER_API_MOBILE ok=1
Cmd: compileSnippet
  api=9 type=1 insize=541 outsize=0 kw=SHADOWS_DEPTH pd=UNITY_NO_DXT5nm UNITY_NO_RGBM UNITY_NO_SCREENSPACE_SHADOWS UNITY_NO_LINEAR_COLORSPACE UNITY_ENABLE_REFLECTION_BUFFERS UNITY_FRAMEBUFFER_FETCH_AVAILABLE UNITY_PBS_USE_BRDF2 SHADER_API_MOBILE ok=1
Cmd: compileSnippet
  api=5 type=0 insize=6763 outsize=5207 kw=DIRECTIONAL SHADOWS_OFF LIGHTMAP_OFF DIRLIGHTMAP_OFF DYNAMICLIGHTMAP_OFF VERTEXLIGHT_ON pd=UNITY_NO_DXT5nm UNITY_NO_RGBM UNITY_NO_SCREENSPACE_SHADOWS UNITY_NO_LINEAR_COLORSPACE UNITY_ENABLE_REFLECTION_BUFFERS UNITY_FRAMEBUFFER_FETCH_AVAILABLE UNITY_NO_FULL_STANDARD_SHADER UNITY_PBS_USE_BRDF2 SHADER_API_MOBILE ok=1
Cmd: compileSnippet
  api=9 type=0 insize=6763 outsize=10015 kw=DIRECTIONAL SHADOWS_SCREEN SHADOWS_NATIVE LIGHTMAP_OFF DIRLIGHTMAP_OFF DYNAMICLIGHTMAP_OFF pd=UNITY_NO_DXT5nm UNITY_NO_RGBM UNITY_NO_SCREENSPACE_SHADOWS UNITY_NO_LINEAR_COLORSPACE UNITY_ENABLE_REFLECTION_BUFFERS UNITY_FRAMEBUFFER_FETCH_AVAILABLE UNITY_PBS_USE_BRDF2 SHADER_API_MOBILE ok=1
Cmd: compileSnippet
  api=9 type=0 insize=3695 outsize=8737 kw=POINT pd=UNITY_NO_DXT5nm UNITY_NO_RGBM UNITY_NO_SCREENSPACE_SHADOWS UNITY_NO_LINEAR_COLORSPACE UNITY_ENABLE_REFLECTION_BUFFERS UNITY_FRAMEBUFFER_FETCH_AVAILABLE UNITY_PBS_USE_BRDF2 SHADER_API_MOBILE ok=1
Cmd: compileSnippet
  api=9 type=0 insize=3695 outsize=8899 kw=POINT_COOKIE pd=UNITY_NO_DXT5nm UNITY_NO_RGBM UNITY_NO_SCREENSPACE_SHADOWS UNITY_NO_LINEAR_COLORSPACE UNITY_ENABLE_REFLECTION_BUFFERS UNITY_FRAMEBUFFER_FETCH_AVAILABLE UNITY_PBS_USE_BRDF2 SHADER_API_MOBILE ok=1
Cmd: compileSnippet
  api=9 type=1 insize=3695 outsize=0 kw=DIRECTIONAL pd=UNITY_NO_DXT5nm UNITY_NO_RGBM UNITY_NO_SCREENSPACE_SHADOWS UNITY_NO_LINEAR_COLORSPACE UNITY_ENABLE_REFLECTION_BUFFERS UNITY_FRAMEBUFFER_FETCH_AVAILABLE UNITY_PBS_USE_BRDF2 SHADER_API_MOBILE ok=1
Cmd: compileSnippet
  api=5 type=1 insize=3695 outsize=0 kw=DIRECTIONAL_COOKIE pd=UNITY_NO_DXT5nm UNITY_NO_RGBM UNITY_NO_SCREENSPACE_SHADOWS UNITY_NO_LINEAR_COLORSPACE UNITY_ENABLE_REFLECTION_BUFFERS UNITY_FRAMEBUFFER_FETCH_AVAILABLE UNITY_NO_FULL_STANDARD_SHADER UNITY_PBS_USE_BRDF2 SHADER_API_MOBILE ok=1
Cmd: compileSnippet
  api=9 type=1 insize=2902 outsize=0 kw= pd=UNITY_NO_DXT5nm UNITY_NO_RGBM UNITY_NO_SCREENSPACE_SHADOWS UNITY_NO_LINEAR_COLORSPACE UNITY_ENABLE_REFLECTION_BUFFERS UNITY_FRAMEBUFFER_FETCH_AVAILABLE UNITY_PBS_USE_BRDF2 SHADER_API_MOBILE ok=1
Cmd: compileSnippet
  api=9 type=1 insize=5962 outsize=0 kw=LIGHTMAP_OFF DIRLIGHTMAP_OFF DYNAMICLIGHTMAP_OFF HDR_LIGHT_PREPASS_OFF pd=UNITY_NO_DXT5nm UNITY_NO_RGBM UNITY_NO_SCREENSPACE_SHADOWS UNITY_NO_LINEAR_COLORSPACE UNITY_ENABLE_REFLECTION_BUFFERS UNITY_FRAMEBUFFER_FETCH_AVAILABLE UNITY_PBS_USE_BRDF2 SHADER_API_MOBILE ok=1
Cmd: compileSnippet
  api=5 type=0 insize=1275 outsize=3176 kw=DIRECTIONAL SHADOWS_OFF pd=UNITY_NO_DXT5nm UNITY_NO_RGBM UNITY_NO_SCREENSPACE_SHADOWS UNITY_NO_LINEAR_COLORSPACE UNITY_ENABLE_REFLECTION_BUFFERS UNITY_FRAMEBUFFER_FETCH_AVAILABLE UNITY_NO_FULL_STANDARD_SHADER UNITY_PBS_USE_BRDF2 SHADER_API_MOBILE ok=1
Cmd: compileSnippet
  api=9 type=0 insize=1275 outsize=10474 kw=POINT_COOKIE SHADOWS_OFF pd=UNITY_NO_DXT5nm UNITY_NO_RGBM UNITY_NO_SCREENSPACE_SHADOWS UNITY_NO_LINEAR_COLORSPACE UNITY_ENABLE_REFLECTION_BUFFERS UNITY_FRAMEBUFFER_FETCH_AVAILABLE UNITY_PBS_USE_BRDF2 SHADER_API_MOBILE ok=1
Cmd: compileSnippet
  api=5 type=0 insize=1275 outsize=4033 kw=DIRECTIONAL_COOKIE SHADOWS_SCREEN pd=UNITY_NO_DXT5nm UNITY_NO_RGBM UNITY_NO_SCREENSPACE_SHADOWS UNITY_NO_LINEAR_COLORSPACE UNITY_ENABLE_REFLECTION_BUFFERS UNITY_FRAMEBUFFER_FETCH_AVAILABLE UNITY_NO_FULL_STANDARD_SHADER UNITY_PBS_USE_BRDF2 SHADER_API_MOBILE ok=1
Cmd: compileSnippet
  api=5 type=0 insize=1275 outsize=6015 kw=SPOT SHADOWS_DEPTH SHADOWS_SOFT SHADOWS_NONATIVE pd=UNITY_NO_DXT5nm UNITY_NO_RGBM UNITY_NO_SCREENSPACE_SHADOWS UNITY_NO_LINEAR_COLORSPACE UNITY_ENABLE_REFLECTION_BUFFERS UNITY_FRAMEBUFFER_FETCH_AVAILABLE UNITY_NO_FULL_STANDARD_SHADER UNITY_PBS_USE_BRDF2 SHADER_API_MOBILE ok=1
Cmd: compileSnippet
  api=5 type=0 insize=1275 outsize=5727 kw=POINT_COOKIE SHADOWS_CUBE SHADOWS_SOFT pd=UNITY_NO_DXT5nm UNITY_NO_RGBM UNITY_NO_SCREENSPACE_SHADOWS UNITY_NO_LINEAR_COLORSPACE UNITY_ENABLE_REFLECTION_BUFFERS UNITY_FRAMEBUFFER_FETCH_AVAILABLE UNITY_NO_FULL_STANDARD_SHADER UNITY_PBS_USE_BRDF2 SHADER_API_MOBILE ok=1
Cmd: compileSnippet
  api=9 type=1 insize=1275 outsize=0 kw=POINT SHADOWS_OFF pd=UNITY_NO_DXT5nm UNITY_NO_RGBM UNITY_NO_SCREENSPACE_SHADOWS UNITY_NO_LINEAR_COLORSPACE UNITY_ENABLE_REFLECTION_BUFFERS UNITY_FRAMEBUFFER_FETCH_AVAILABLE UNITY_PBS_USE_BRDF2 SHADER_API_MOBILE ok=1
Cmd: compileSnippet
  api=5 type=1 insize=1275 outsize=0 kw=POINT_COOKIE SHADOWS_OFF pd=UNITY_NO_DXT5nm UNITY_NO_RGBM UNITY_NO_SCREENSPACE_SHADOWS UNITY_NO_LINEAR_COLORSPACE UNITY_ENABLE_REFLECTION_BUFFERS UNITY_FRAMEBUFFER_FETCH_AVAILABLE UNITY_NO_FULL_STANDARD_SHADER UNITY_PBS_USE_BRDF2 SHADER_API_MOBILE ok=1
Cmd: compileSnippet
  api=5 type=1 insize=1275 outsize=0 kw=DIRECTIONAL_COOKIE SHADOWS_SCREEN pd=UNITY_NO_DXT5nm UNITY_NO_RGBM UNITY_NO_SCREENSPACE_SHADOWS UNITY_NO_LINEAR_COLORSPACE UNITY_ENABLE_REFLECTION_BUFFERS UNITY_FRAMEBUFFER_FETCH_AVAILABLE UNITY_NO_FULL_STANDARD_SHADER UNITY_PBS_USE_BRDF2 SHADER_API_MOBILE ok=1
Cmd: compileSnippet
  api=5 type=1 insize=1275 outsize=0 kw=SPOT SHADOWS_DEPTH SHADOWS_SOFT SHADOWS_NONATIVE pd=UNITY_NO_DXT5nm UNITY_NO_RGBM UNITY_NO_SCREENSPACE_SHADOWS UNITY_NO_LINEAR_COLORSPACE UNITY_ENABLE_REFLECTION_BUFFERS UNITY_FRAMEBUFFER_FETCH_AVAILABLE UNITY_NO_FULL_STANDARD_SHADER UNITY_PBS_USE_BRDF2 SHADER_API_MOBILE ok=1
Cmd: compileSnippet
  api=9 type=1 insize=1275 outsize=0 kw=POINT_COOKIE SHADOWS_CUBE SHADOWS_SOFT pd=UNITY_NO_DXT5nm UNITY_NO_RGBM UNITY_NO_SCREENSPACE_SHADOWS UNITY_NO_LINEAR_COLORSPACE UNITY_ENABLE_REFLECTION_BUFFERS UNITY_FRAMEBUFFER_FETCH_AVAILABLE UNITY_PBS_USE_BRDF2 SHADER_API_MOBILE ok=1
Cmd: compileSnippet
  api=9 type=0 insize=1268 outsize=10426 kw=SPOT SHADOWS_OFF pd=UNITY_NO_DXT5nm UNITY_NO_RGBM UNITY_NO_SCREENSPACE_SHADOWS UNITY_NO_LINEAR_COLORSPACE UNITY_ENABLE_REFLECTION_BUFFERS UNITY_FRAMEBUFFER_FETCH_AVAILABLE UNITY_PBS_USE_BRDF2 SHADER_API_MOBILE ok=1
Cmd: compileSnippet
  api=5 type=0 insize=1268 outsize=4929 kw=SPOT SHADOWS_DEPTH SHADOWS_NATIVE pd=UNITY_NO_DXT5nm UNITY_NO_RGBM UNITY_NO_SCREENSPACE_SHADOWS UNITY_NO_LINEAR_COLORSPACE UNITY_ENABLE_REFLECTION_BUFFERS UNITY_FRAMEBUFFER_FETCH_AVAILABLE UNITY_NO_FULL_STANDARD_SHADER UNITY_PBS_USE_BRDF2 SHADER_API_MOBILE ok=1
Cmd: compileSnippet
  api=5 type=0 insize=1268 outsize=4066 kw=POINT SHADOWS_CUBE pd=UNITY_NO_DXT5nm UNITY_NO_RGBM UNITY_NO_SCREENSPACE_SHADOWS UNITY_NO_LINEAR_COLORSPACE UNITY_ENABLE_REFLECTION_BUFFERS UNITY_FRAMEBUFFER_FETCH_AVAILABLE UNITY_NO_FULL_STANDARD_SHADER UNITY_PBS_USE_BRDF2 SHADER_API_MOBILE ok=1
Cmd: compileSnippet
  api=9 type=0 insize=1268 outsize=11866 kw=SPOT SHADOWS_DEPTH SHADOWS_SOFT SHADOWS_NATIVE pd=UNITY_NO_DXT5nm UNITY_NO_RGBM UNITY_NO_SCREENSPACE_SHADOWS UNITY_NO_LINEAR_COLORSPACE UNITY_ENABLE_REFLECTION_BUFFERS UNITY_FRAMEBUFFER_FETCH_AVAILABLE UNITY_PBS_USE_BRDF2 SHADER_API_MOBILE ok=1
Cmd: compileSnippet
  api=5 type=0 insize=1268 outsize=3973 kw=DIRECTIONAL_COOKIE SHADOWS_SCREEN SHADOWS_NATIVE pd=UNITY_NO_DXT5nm UNITY_NO_RGBM UNITY_NO_SCREENSPACE_SHADOWS UNITY_NO_LINEAR_COLORSPACE UNITY_ENABLE_REFLECTION_BUFFERS UNITY_FRAMEBUFFER_FETCH_AVAILABLE UNITY_NO_FULL_STANDARD_SHADER UNITY_PBS_USE_BRDF2 SHADER_API_MOBILE ok=1
Cmd: compileSnippet
  api=9 type=1 insize=1268 outsize=0 kw=DIRECTIONAL SHADOWS_OFF pd=UNITY_NO_DXT5nm UNITY_NO_RGBM UNITY_NO_SCREENSPACE_SHADOWS UNITY_NO_LINEAR_COLORSPACE UNITY_ENABLE_REFLECTION_BUFFERS UNITY_FRAMEBUFFER_FETCH_AVAILABLE UNITY_PBS_USE_BRDF2 SHADER_API_MOBILE ok=1
Cmd: compileSnippet
  api=9 type=1 insize=1268 outsize=0 kw=POINT_COOKIE SHADOWS_OFF pd=UNITY_NO_DXT5nm UNITY_NO_RGBM UNITY_NO_SCREENSPACE_SHADOWS UNITY_NO_LINEAR_COLORSPACE UNITY_ENABLE_REFLECTION_BUFFERS UNITY_FRAMEBUFFER_FETCH_AVAILABLE UNITY_PBS_USE_BRDF2 SHADER_API_MOBILE ok=1
Cmd: compileSnippet
  api=5 type=1 insize=1268 outsize=0 kw=DIRECTIONAL SHADOWS_SCREEN pd=UNITY_NO_DXT5nm UNITY_NO_RGBM UNITY_NO_SCREENSPACE_SHADOWS UNITY_NO_LINEAR_COLORSPACE UNITY_ENABLE_REFLECTION_BUFFERS UNITY_FRAMEBUFFER_FETCH_AVAILABLE UNITY_NO_FULL_STANDARD_SHADER UNITY_PBS_USE_BRDF2 SHADER_API_MOBILE ok=1
Cmd: compileSnippet
  api=9 type=1 insize=1268 outsize=0 kw=POINT_COOKIE SHADOWS_CUBE pd=UNITY_NO_DXT5nm UNITY_NO_RGBM UNITY_NO_SCREENSPACE_SHADOWS UNITY_NO_LINEAR_COLORSPACE UNITY_ENABLE_REFLECTION_BUFFERS UNITY_FRAMEBUFFER_FETCH_AVAILABLE UNITY_PBS_USE_BRDF2 SHADER_API_MOBILE ok=1
Cmd: compileSnippet
  api=9 type=1 insize=1268 outsize=0 kw=POINT_COOKIE SHADOWS_CUBE SHADOWS_SOFT pd=UNITY_NO_DXT5nm UNITY_NO_RGBM UNITY_NO_SCREENSPACE_SHADOWS UNITY_NO_LINEAR_COLORSPACE UNITY_ENABLE_REFLECTION_BUFFERS UNITY_FRAMEBUFFER_FETCH_AVAILABLE UNITY_PBS_USE_BRDF2 SHADER_API_MOBILE ok=1
Cmd: compileSnippet
  api=9 type=0 insize=1273 outsize=10016 kw=POINT SHADOWS_OFF pd=UNITY_NO_DXT5nm UNITY_NO_RGBM UNITY_NO_SCREENSPACE_SHADOWS UNITY_NO_LINEAR_COLORSPACE UNITY_ENABLE_REFLECTION_BUFFERS UNITY_FRAMEBUFFER_FETCH_AVAILABLE UNITY_PBS_USE_BRDF2 SHADER_API_MOBILE ok=1
Cmd: compileSnippet
  api=5 type=0 insize=1273 outsize=4878 kw=SPOT SHADOWS_DEPTH SHADOWS_NONATIVE pd=UNITY_NO_DXT5nm UNITY_NO_RGBM UNITY_NO_SCREENSPACE_SHADOWS UNITY_NO_LINEAR_COLORSPACE UNITY_ENABLE_REFLECTION_BUFFERS UNITY_FRAMEBUFFER_FETCH_AVAILABLE UNITY_NO_FULL_STANDARD_SHADER UNITY_PBS_USE_BRDF2 SHADER_API_MOBILE ok=1
Cmd: compileSnippet
  api=5 type=0 insize=1273 outsize=3978 kw=DIRECTIONAL_COOKIE SHADOWS_SCREEN pd=UNITY_NO_DXT5nm UNITY_NO_RGBM UNITY_NO_SCREENSPACE_SHADOWS UNITY_NO_LINEAR_COLORSPACE UNITY_ENABLE_REFLECTION_BUFFERS UNITY_FRAMEBUFFER_FETCH_AVAILABLE UNITY_NO_FULL_STANDARD_SHADER UNITY_PBS_USE_BRDF2 SHADER_API_MOBILE ok=1
Cmd: compileSnippet
  api=9 type=0 insize=1273 outsize=10796 kw=POINT_COOKIE SHADOWS_CUBE pd=UNITY_NO_DXT5nm UNITY_NO_RGBM UNITY_NO_SCREENSPACE_SHADOWS UNITY_NO_LINEAR_COLORSPACE UNITY_ENABLE_REFLECTION_BUFFERS UNITY_FRAMEBUFFER_FETCH_AVAILABLE UNITY_PBS_USE_BRDF2 SHADER_API_MOBILE ok=1
Cmd: compileSnippet
  api=5 type=0 insize=1273 outsize=3607 kw=DIRECTIONAL SHADOWS_SCREEN SHADOWS_NATIVE pd=UNITY_NO_DXT5nm UNITY_NO_RGBM UNITY_NO_SCREENSPACE_SHADOWS UNITY_NO_LINEAR_COLORSPACE UNITY_ENABLE_REFLECTION_BUFFERS UNITY_FRAMEBUFFER_FETCH_AVAILABLE UNITY_NO_FULL_STANDARD_SHADER UNITY_PBS_USE_BRDF2 SHADER_API_MOBILE ok=1
Cmd: compileSnippet
  api=9 type=1 insize=1273 outsize=0 kw=POINT SHADOWS_OFF pd=UNITY_NO_DXT5nm UNITY_NO_RGBM UNITY_NO_SCREENSPACE_SHADOWS UNITY_NO_LINEAR_COLORSPACE UNITY_ENABLE_REFLECTION_BUFFERS UNITY_FRAMEBUFFER_FETCH_AVAILABLE UNITY_PBS_USE_BRDF2 SHADER_API_MOBILE ok=1
Cmd: compileSnippet
  api=5 type=1 insize=1273 outsize=0 kw=POINT_COOKIE SHADOWS_OFF pd=UNITY_NO_DXT5nm UNITY_NO_RGBM UNITY_NO_SCREENSPACE_SHADOWS UNITY_NO_LINEAR_COLORSPACE UNITY_ENABLE_REFLECTION_BUFFERS UNITY_FRAMEBUFFER_FETCH_AVAILABLE UNITY_NO_FULL_STANDARD_SHADER UNITY_PBS_USE_BRDF2 SHADER_API_MOBILE ok=1
Cmd: compileSnippet
  api=9 type=1 insize=1273 outsize=0 kw=SPOT SHADOWS_DEPTH SHADOWS_NATIVE pd=UNITY_NO_DXT5nm UNITY_NO_RGBM UNITY_NO_SCREENSPACE_SHADOWS UNITY_NO_LINEAR_COLORSPACE UNITY_ENABLE_REFLECTION_BUFFERS UNITY_FRAMEBUFFER_FETCH_AVAILABLE UNITY_PBS_USE_BRDF2 SHADER_API_MOBILE ok=1
Cmd: compileSnippet
  api=5 type=1 insize=1273 outsize=0 kw=SPOT SHADOWS_DEPTH SHADOWS_SOFT SHADOWS_NONATIVE pd=UNITY_NO_DXT5nm UNITY_NO_RGBM UNITY_NO_SCREENSPACE_SHADOWS UNITY_NO_LINEAR_COLORSPACE UNITY_ENABLE_REFLECTION_BUFFERS UNITY_FRAMEBUFFER_FETCH_AVAILABLE UNITY_NO_FULL_STANDARD_SHADER UNITY_PBS_USE_BRDF2 SHADER_API_MOBILE ok=1
Cmd: compileSnippet
  api=5 type=1 insize=1273 outsize=0 kw=DIRECTIONAL SHADOWS_SCREEN SHADOWS_NATIVE pd=UNITY_NO_DXT5nm UNITY_NO_RGBM UNITY_NO_SCREENSPACE_SHADOWS UNITY_NO_LINEAR_COLORSPACE UNITY_ENABLE_REFLECTION_BUFFERS UNITY_FRAMEBUFFER_FETCH_AVAILABLE UNITY_NO_FULL_STANDARD_SHADER UNITY_PBS_USE_BRDF2 SHADER_API_MOBILE ok=1
Cmd: compileSnippet
  api=5 type=0 insize=1934 outsize=3749 kw=DIRECTIONAL SHADOWS_OFF pd=UNITY_NO_DXT5nm UNITY_NO_RGBM UNITY_NO_SCREENSPACE_SHADOWS UNITY_NO_LINEAR_COLORSPACE UNITY_ENABLE_REFLECTION_BUFFERS UNITY_FRAMEBUFFER_FETCH_AVAILABLE UNITY_NO_FULL_STANDARD_SHADER UNITY_PBS_USE_BRDF2 SHADER_API_MOBILE ok=1
Cmd: compileSnippet
  api=5 type=0 insize=1934 outsize=4508 kw=POINT_COOKIE SHADOWS_OFF pd=UNITY_NO_DXT5nm UNITY_NO_RGBM UNITY_NO_SCREENSPACE_SHADOWS UNITY_NO_LINEAR_COLORSPACE UNITY_ENABLE_REFLECTION_BUFFERS UNITY_FRAMEBUFFER_FETCH_AVAILABLE UNITY_NO_FULL_STANDARD_SHADER UNITY_PBS_USE_BRDF2 SHADER_API_MOBILE ok=1
Cmd: compileSnippet
  api=9 type=0 insize=1934 outsize=12251 kw=SPOT SHADOWS_DEPTH SHADOWS_NATIVE pd=UNITY_NO_DXT5nm UNITY_NO_RGBM UNITY_NO_SCREENSPACE_SHADOWS UNITY_NO_LINEAR_COLORSPACE UNITY_ENABLE_REFLECTION_BUFFERS UNITY_FRAMEBUFFER_FETCH_AVAILABLE UNITY_PBS_USE_BRDF2 SHADER_API_MOBILE ok=1
Cmd: compileSnippet
  api=9 type=0 insize=1934 outsize=12914 kw=SPOT SHADOWS_DEPTH SHADOWS_SOFT SHADOWS_NATIVE pd=UNITY_NO_DXT5nm UNITY_NO_RGBM UNITY_NO_SCREENSPACE_SHADOWS UNITY_NO_LINEAR_COLORSPACE UNITY_ENABLE_REFLECTION_BUFFERS UNITY_FRAMEBUFFER_FETCH_AVAILABLE UNITY_PBS_USE_BRDF2 SHADER_API_MOBILE ok=1
Cmd: compileSnippet
  api=9 type=0 insize=1934 outsize=11007 kw=DIRECTIONAL SHADOWS_SCREEN SHADOWS_NATIVE pd=UNITY_NO_DXT5nm UNITY_NO_RGBM UNITY_NO_SCREENSPACE_SHADOWS UNITY_NO_LINEAR_COLORSPACE UNITY_ENABLE_REFLECTION_BUFFERS UNITY_FRAMEBUFFER_FETCH_AVAILABLE UNITY_PBS_USE_BRDF2 SHADER_API_MOBILE ok=1
Cmd: compileSnippet
  api=5 type=0 insize=1934 outsize=3641 kw=DIRECTIONAL SHADOWS_OFF UNITY_HDR_ON pd=UNITY_NO_DXT5nm UNITY_NO_RGBM UNITY_NO_SCREENSPACE_SHADOWS UNITY_NO_LINEAR_COLORSPACE UNITY_ENABLE_REFLECTION_BUFFERS UNITY_FRAMEBUFFER_FETCH_AVAILABLE UNITY_NO_FULL_STANDARD_SHADER UNITY_PBS_USE_BRDF2 SHADER_API_MOBILE ok=1
Cmd: compileSnippet
  api=5 type=0 insize=1934 outsize=4086 kw=DIRECTIONAL_COOKIE SHADOWS_OFF UNITY_HDR_ON pd=UNITY_NO_DXT5nm UNITY_NO_RGBM UNITY_NO_SCREENSPACE_SHADOWS UNITY_NO_LINEAR_COLORSPACE UNITY_ENABLE_REFLECTION_BUFFERS UNITY_FRAMEBUFFER_FETCH_AVAILABLE UNITY_NO_FULL_STANDARD_SHADER UNITY_PBS_USE_BRDF2 SHADER_API_MOBILE ok=1
Cmd: compileSnippet
  api=5 type=0 insize=1934 outsize=4335 kw=DIRECTIONAL SHADOWS_SCREEN UNITY_HDR_ON pd=UNITY_NO_DXT5nm UNITY_NO_RGBM UNITY_NO_SCREENSPACE_SHADOWS UNITY_NO_LINEAR_COLORSPACE UNITY_ENABLE_REFLECTION_BUFFERS UNITY_FRAMEBUFFER_FETCH_AVAILABLE UNITY_NO_FULL_STANDARD_SHADER UNITY_PBS_USE_BRDF2 SHADER_API_MOBILE ok=1
Cmd: compileSnippet
  api=5 type=0 insize=1934 outsize=6681 kw=SPOT SHADOWS_DEPTH SHADOWS_SOFT UNITY_HDR_ON SHADOWS_NONATIVE pd=UNITY_NO_DXT5nm UNITY_NO_RGBM UNITY_NO_SCREENSPACE_SHADOWS UNITY_NO_LINEAR_COLORSPACE UNITY_ENABLE_REFLECTION_BUFFERS UNITY_FRAMEBUFFER_FETCH_AVAILABLE UNITY_NO_FULL_STANDARD_SHADER UNITY_PBS_USE_BRDF2 SHADER_API_MOBILE ok=1
Cmd: compileSnippet
  api=5 type=0 insize=1934 outsize=4335 kw=DIRECTIONAL SHADOWS_SCREEN SHADOWS_NATIVE UNITY_HDR_ON pd=UNITY_NO_DXT5nm UNITY_NO_RGBM UNITY_NO_SCREENSPACE_SHADOWS UNITY_NO_LINEAR_COLORSPACE UNITY_ENABLE_REFLECTION_BUFFERS UNITY_FRAMEBUFFER_FETCH_AVAILABLE UNITY_NO_FULL_STANDARD_SHADER UNITY_PBS_USE_BRDF2 SHADER_API_MOBILE ok=1
Cmd: compileSnippet
  api=5 type=0 insize=1934 outsize=4705 kw=DIRECTIONAL_COOKIE SHADOWS_SCREEN SHADOWS_NATIVE UNITY_HDR_ON pd=UNITY_NO_DXT5nm UNITY_NO_RGBM UNITY_NO_SCREENSPACE_SHADOWS UNITY_NO_LINEAR_COLORSPACE UNITY_ENABLE_REFLECTION_BUFFERS UNITY_FRAMEBUFFER_FETCH_AVAILABLE UNITY_NO_FULL_STANDARD_SHADER UNITY_PBS_USE_BRDF2 SHADER_API_MOBILE ok=1
Cmd: compileSnippet
  api=9 type=1 insize=1934 outsize=0 kw=DIRECTIONAL SHADOWS_OFF pd=UNITY_NO_DXT5nm UNITY_NO_RGBM UNITY_NO_SCREENSPACE_SHADOWS UNITY_NO_LINEAR_COLORSPACE UNITY_ENABLE_REFLECTION_BUFFERS UNITY_FRAMEBUFFER_FETCH_AVAILABLE UNITY_PBS_USE_BRDF2 SHADER_API_MOBILE ok=1
Cmd: compileSnippet
  api=9 type=1 insize=1934 outsize=0 kw=POINT_COOKIE SHADOWS_OFF pd=UNITY_NO_DXT5nm UNITY_NO_RGBM UNITY_NO_SCREENSPACE_SHADOWS UNITY_NO_LINEAR_COLORSPACE UNITY_ENABLE_REFLECTION_BUFFERS UNITY_FRAMEBUFFER_FETCH_AVAILABLE UNITY_PBS_USE_BRDF2 SHADER_API_MOBILE ok=1
Cmd: compileSnippet
  api=9 type=1 insize=1934 outsize=0 kw=SPOT SHADOWS_DEPTH SHADOWS_NATIVE pd=UNITY_NO_DXT5nm UNITY_NO_RGBM UNITY_NO_SCREENSPACE_SHADOWS UNITY_NO_LINEAR_COLORSPACE UNITY_ENABLE_REFLECTION_BUFFERS UNITY_FRAMEBUFFER_FETCH_AVAILABLE UNITY_PBS_USE_BRDF2 SHADER_API_MOBILE ok=1
Cmd: compileSnippet
  api=5 type=1 insize=1934 outsize=0 kw=POINT SHADOWS_CUBE SHADOWS_SOFT pd=UNITY_NO_DXT5nm UNITY_NO_RGBM UNITY_NO_SCREENSPACE_SHADOWS UNITY_NO_LINEAR_COLORSPACE UNITY_ENABLE_REFLECTION_BUFFERS UNITY_FRAMEBUFFER_FETCH_AVAILABLE UNITY_NO_FULL_STANDARD_SHADER UNITY_PBS_USE_BRDF2 SHADER_API_MOBILE ok=1
Cmd: compileSnippet
  api=5 type=1 insize=1934 outsize=0 kw=DIRECTIONAL SHADOWS_SCREEN SHADOWS_NATIVE pd=UNITY_NO_DXT5nm UNITY_NO_RGBM UNITY_NO_SCREENSPACE_SHADOWS UNITY_NO_LINEAR_COLORSPACE UNITY_ENABLE_REFLECTION_BUFFERS UNITY_FRAMEBUFFER_FETCH_AVAILABLE UNITY_NO_FULL_STANDARD_SHADER UNITY_PBS_USE_BRDF2 SHADER_API_MOBILE ok=1
Cmd: compileSnippet
  api=5 type=1 insize=1934 outsize=0 kw=POINT SHADOWS_OFF UNITY_HDR_ON pd=UNITY_NO_DXT5nm UNITY_NO_RGBM UNITY_NO_SCREENSPACE_SHADOWS UNITY_NO_LINEAR_COLORSPACE UNITY_ENABLE_REFLECTION_BUFFERS UNITY_FRAMEBUFFER_FETCH_AVAILABLE UNITY_NO_FULL_STANDARD_SHADER UNITY_PBS_USE_BRDF2 SHADER_API_MOBILE ok=1
Cmd: compileSnippet
  api=9 type=1 insize=1934 outsize=0 kw=SPOT SHADOWS_OFF UNITY_HDR_ON pd=UNITY_NO_DXT5nm UNITY_NO_RGBM UNITY_NO_SCREENSPACE_SHADOWS UNITY_NO_LINEAR_COLORSPACE UNITY_ENABLE_REFLECTION_BUFFERS UNITY_FRAMEBUFFER_FETCH_AVAILABLE UNITY_PBS_USE_BRDF2 SHADER_API_MOBILE ok=1
Cmd: compileSnippet
  api=9 type=1 insize=1934 outsize=0 kw=SPOT SHADOWS_DEPTH SHADOWS_NATIVE UNITY_HDR_ON pd=UNITY_NO_DXT5nm UNITY_NO_RGBM UNITY_NO_SCREENSPACE_SHADOWS UNITY_NO_LINEAR_COLORSPACE UNITY_ENABLE_REFLECTION_BUFFERS UNITY_FRAMEBUFFER_FETCH_AVAILABLE UNITY_PBS_USE_BRDF2 SHADER_API_MOBILE ok=1
Cmd: compileSnippet
  api=5 type=1 insize=1934 outsize=0 kw=POINT_COOKIE SHADOWS_CUBE UNITY_HDR_ON pd=UNITY_NO_DXT5nm UNITY_NO_RGBM UNITY_NO_SCREENSPACE_SHADOWS UNITY_NO_LINEAR_COLORSPACE UNITY_ENABLE_REFLECTION_BUFFERS UNITY_FRAMEBUFFER_FETCH_AVAILABLE UNITY_NO_FULL_STANDARD_SHADER UNITY_PBS_USE_BRDF2 SHADER_API_MOBILE ok=1
Cmd: compileSnippet
  api=5 type=1 insize=1934 outsize=0 kw=DIRECTIONAL SHADOWS_SCREEN SHADOWS_NATIVE UNITY_HDR_ON pd=UNITY_NO_DXT5nm UNITY_NO_RGBM UNITY_NO_SCREENSPACE_SHADOWS UNITY_NO_LINEAR_COLORSPACE UNITY_ENABLE_REFLECTION_BUFFERS UNITY_FRAMEBUFFER_FETCH_AVAILABLE UNITY_NO_FULL_STANDARD_SHADER UNITY_PBS_USE_BRDF2 SHADER_API_MOBILE ok=1
Cmd: compileSnippet
  api=9 type=1 insize=683 outsize=0 kw= pd=UNITY_NO_DXT5nm UNITY_NO_RGBM UNITY_NO_SCREENSPACE_SHADOWS UNITY_NO_LINEAR_COLORSPACE UNITY_ENABLE_REFLECTION_BUFFERS UNITY_FRAMEBUFFER_FETCH_AVAILABLE UNITY_PBS_USE_BRDF2 SHADER_API_MOBILE ok=1
Cmd: compileSnippet
  api=9 type=0 insize=859 outsize=3768 kw= pd=UNITY_NO_DXT5nm UNITY_NO_RGBM UNITY_NO_SCREENSPACE_SHADOWS UNITY_NO_LINEAR_COLORSPACE UNITY_ENABLE_REFLECTION_BUFFERS UNITY_FRAMEBUFFER_FETCH_AVAILABLE UNITY_PBS_USE_BRDF2 SHADER_API_MOBILE ok=1
Cmd: compileSnippet
  api=5 type=0 insize=1420 outsize=1505 kw=UNITY_UI_ALPHACLIP pd=UNITY_NO_DXT5nm UNITY_NO_RGBM UNITY_NO_SCREENSPACE_SHADOWS UNITY_NO_LINEAR_COLORSPACE UNITY_ENABLE_REFLECTION_BUFFERS UNITY_FRAMEBUFFER_FETCH_AVAILABLE UNITY_NO_FULL_STANDARD_SHADER UNITY_PBS_USE_BRDF2 SHADER_API_MOBILE ok=1
Cmd: compileSnippet
  api=5 type=1 insize=1420 outsize=0 kw=UNITY_UI_ALPHACLIP pd=UNITY_NO_DXT5nm UNITY_NO_RGBM UNITY_NO_SCREENSPACE_SHADOWS UNITY_NO_LINEAR_COLORSPACE UNITY_ENABLE_REFLECTION_BUFFERS UNITY_FRAMEBUFFER_FETCH_AVAILABLE UNITY_NO_FULL_STANDARD_SHADER UNITY_PBS_USE_BRDF2 SHADER_API_MOBILE ok=1
